[32m[1m08/16/2024, 04:53:18 PM - logger - INFO - Executing query: INSERT INTO Mouse_Stock VALUES (null, %(PI)s, %(Genotype)s, %(Description)s, %(Strain)s, %(Times Back Crossed)s, %(MTA Required)s, 1); with params: {'PI': 'a', 'Genotype': 'a', 'Description': 'a', 'Strain': 'a', 'Times Back Crossed': '2', 'MTA Required': 'yes'}[0m
[32m[1m08/16/2024, 04:53:34 PM - logger - INFO - Deletion Attempting...[0m
[32m[1m08/16/2024, 04:53:34 PM - logger - INFO - Executing query: DELETE FROM Mouse_Stock WHERE Stock_ID = %s with params: 2002[0m
[32m[1m08/16/2024, 04:53:34 PM - logger - INFO - Deletion Complete![0m
[32m[1m10/23/2024, 04:23:32 PM - logger - INFO - Executing query: INSERT INTO Mouse_Stock VALUES (null, %(PI)s, %(Genotype)s, %(Description)s, %(Strain)s, %(Times Back Crossed)s, %(MTA Required)s, 1); with params: {'PI': 'jian', 'Genotype': 'ppp', 'Description': 'ppp', 'Strain': 'ppp', 'Times Back Crossed': '12', 'MTA Required': 'yes'}[0m
[32m[1m10/23/2024, 04:23:43 PM - logger - INFO - Executing query: INSERT INTO Mouse_Stock VALUES (null, %(PI)s, %(Genotype)s, %(Description)s, %(Strain)s, %(Times Back Crossed)s, %(MTA Required)s, 1); with params: {'PI': 'jian', 'Genotype': 'ppp', 'Description': 'ppp', 'Strain': 'ppp', 'Times Back Crossed': '12', 'MTA Required': 'yes'}[0m
[32m[1m10/23/2024, 04:24:34 PM - logger - INFO - Deletion Attempting...[0m
[32m[1m10/23/2024, 04:24:34 PM - logger - INFO - Executing query: DELETE FROM Mouse_Stock WHERE Stock_ID = %s with params: 2004[0m
[32m[1m10/23/2024, 04:24:34 PM - logger - INFO - Deletion Complete![0m
[32m[1m10/23/2024, 04:25:22 PM - logger - INFO - Executing query: UPDATE Mouse_Stock SET PI_Name = %(PI)s, Genotype = %(Genotype)s, Mouse_Description = %(Description)s, Times_Back_Crossed = %(Times Back Crossed)s, MTA_Required = %(MTA Required)s WHERE Stock_ID = %(primaryKey)s; with params: {'primaryKey': '2003', 'PI': 'jian', 'Genotype': 'ppp', 'Description': 'o', 'Strain': 'ppp', 'Times Back Crossed': '12', 'MTA Required': 'yes'}[0m
[32m[1m10/23/2024, 04:25:38 PM - logger - INFO - Deletion Attempting...[0m
[32m[1m10/23/2024, 04:25:38 PM - logger - INFO - Executing query: DELETE FROM Mouse_Stock WHERE Stock_ID = %s with params: 2003[0m
[32m[1m10/23/2024, 04:25:38 PM - logger - INFO - Deletion Complete![0m
[32m[1m12/09/2024, 04:19:32 PM - logger - INFO - Executing query: INSERT INTO Mouse_Stock VALUES (null, %(PI)s, %(Genotype)s, %(Description)s, %(Strain)s, %(Times Back Crossed)s, %(MTA Required)s, 1); with params: {'PI': 'dusd', 'Genotype': 'sfsf', 'Description': 'sfssf', 'Strain': 'sfsf', 'Times Back Crossed': '1', 'MTA Required': 'yes'}[0m
[32m[1m12/09/2024, 04:21:29 PM - logger - INFO - Executing query: INSERT INTO Mouse_Stock VALUES (null, %(PI)s, %(Genotype)s, %(Description)s, %(Strain)s, %(Times Back Crossed)s, %(MTA Required)s, 6); with params: {'PI': 'Woolardne', 'Genotype': 'tst1', 'Description': 'tst1', 'Strain': 'tst2', 'Times Back Crossed': '9', 'MTA Required': 'no'}[0m
[32m[1m12/09/2024, 04:21:42 PM - logger - INFO - Deletion Attempting...[0m
[32m[1m12/09/2024, 04:21:42 PM - logger - INFO - Executing query: DELETE FROM Mouse_Stock WHERE Stock_ID = %s with params: 2006[0m
[32m[1m12/09/2024, 04:21:42 PM - logger - INFO - Deletion Complete![0m
[32m[1m12/09/2024, 04:21:53 PM - logger - INFO - Deletion Attempting...[0m
[32m[1m12/09/2024, 04:21:56 PM - logger - INFO - Deletion Attempting...[0m
[32m[1m12/09/2024, 04:56:17 PM - logger - INFO - Deletion Attempting...[0m
[32m[1m12/09/2024, 04:56:17 PM - logger - INFO - Executing query: DELETE FROM Mouse_Stock WHERE Stock_ID = %s with params: 2005[0m
[32m[1m12/09/2024, 04:56:17 PM - logger - INFO - Deletion Complete![0m
[32m[1m01/10/2025, 02:09:15 PM - logger - INFO - Deletion Attempting...[0m
[32m[1m01/10/2025, 02:09:15 PM - logger - INFO - Executing query: DELETE FROM Mouse_Stock WHERE Stock_ID = %s with params: 2001[0m
[32m[1m01/10/2025, 02:09:15 PM - logger - INFO - Deletion Complete![0m
[32m[1m01/10/2025, 02:14:36 PM - logger - INFO - Executing query: INSERT INTO Mouse_Stock VALUES (null, %(PI)s, %(Genotype)s, %(Description)s, %(Strain)s, %(Times Back Crossed)s, %(MTA Required)s, 6); with params: {'PI': 'Woolard', 'Genotype': '1.\tLipin-1FL-null (Lipin1tm1Bfin) X LysM-Cre (B6.129P2-Lyzstm1(cre)Ifo/J)', 'Description': 'Cre is expressed in all cells that express Lym2, which is myeloid cells. As such, these mice lack both lipin-1 activities in myeloid cells only. This animal model allows us to investigate lipin-1’s contribution to macrophage inflammatory and pro-resolving activities. ', 'Strain': 'C57bl/6', 'Times Back Crossed': '6', 'MTA Required': 'No'}[0m
[32m[1m01/10/2025, 02:28:12 PM - logger - INFO - Executing query: INSERT INTO Mouse_Stock VALUES (null, %(PI)s, %(Genotype)s, %(Description)s, %(Strain)s, %(Times Back Crossed)s, %(MTA Required)s, 6); with params: {'PI': 'Woolard', 'Genotype': '1.\tLipin-1FL-null (Lipin1tm1Bfin) X LysM-Cre (B6.129P2-Lyzstm1(cre)Ifo/J)', 'Description': 'Cre is expressed in all cells that express Lym2, which is myeloid cells. As such, these mice lack both lipin-1 activities in myeloid cells only. This animal model allows us to investigate lipin-1’s contribution to macrophage inflammatory and pro-resolving activities. ', 'Strain': 'C57bl/6', 'Times Back Crossed': '6', 'MTA Required': 'No'}[0m
[32m[1m01/10/2025, 02:28:18 PM - logger - INFO - Executing query: INSERT INTO Mouse_Stock VALUES (null, %(PI)s, %(Genotype)s, %(Description)s, %(Strain)s, %(Times Back Crossed)s, %(MTA Required)s, 6); with params: {'PI': 'Woolard', 'Genotype': '1.\tLipin-1FL-null (Lipin1tm1Bfin) X LysM-Cre (B6.129P2-Lyzstm1(cre)Ifo/J)', 'Description': 'Cre is expressed in all cells that express Lym2, which is myeloid cells. As such, these mice lack both lipin-1 activities in myeloid cells only. This animal model allows us to investigate lipin-1’s contribution to macrophage inflammatory and pro-resolving activities. ', 'Strain': 'C57bl/6', 'Times Back Crossed': '6', 'MTA Required': 'No'}[0m
[32m[1m01/10/2025, 04:25:21 PM - logger - INFO - Executing query: UPDATE Antibodies_Stock SET Box_Name = %(BoxParam)s, Company_name = %(CompanyParam)s, Catalog_Num = %(catalogNumParam)s, Target_Name = %(TargetParam)s, Target_Species = %(TargetSpeciesParam)s, Fluorophore = %(flourParam)s, Clone_Name = %(cloneParam)s, Isotype = %(isotypeParam)s, Size = %(sizeParam)s, Concentration = %(concentrationParam)s, Expiration_Date = %(DateParam)s, Titration = %(titrationParam)s, Cost = %(costParam)s,  Included = %(includedParam)s WHERE Stock_ID = %(Pkey)s; with params: {'BoxParam': 'Gestal 2', 'CompanyParam': 'Invitrogen', 'catalogNumParam': '25-1011-82', 'TargetParam': 'CD101', 'TargetSpeciesParam': '', 'flourParam': 'PE/Cyanine7', 'cloneParam': 'Moushi101', 'isotypeParam': 'Rat IgG2a', 'sizeParam': '100ug', 'concentrationParam': '0.2mg/mL', 'DateParam': '2023-03-05', 'titrationParam': '400', 'costParam': '400.0', 'includedParam': 1, 'Pkey': '60114'}[0m
[32m[1m01/10/2025, 04:25:42 PM - logger - INFO - Executing query: UPDATE Antibodies_Stock SET Box_Name = %(BoxParam)s, Company_name = %(CompanyParam)s, Catalog_Num = %(catalogNumParam)s, Target_Name = %(TargetParam)s, Target_Species = %(TargetSpeciesParam)s, Fluorophore = %(flourParam)s, Clone_Name = %(cloneParam)s, Isotype = %(isotypeParam)s, Size = %(sizeParam)s, Concentration = %(concentrationParam)s, Expiration_Date = %(DateParam)s, Titration = %(titrationParam)s, Cost = %(costParam)s,  Included = %(includedParam)s WHERE Stock_ID = %(Pkey)s; with params: {'BoxParam': 'Gestal 1', 'CompanyParam': 'Biolegend', 'catalogNumParam': '101217', 'TargetParam': 'CD11b', 'TargetSpeciesParam': 'mouse/human', 'flourParam': 'Alexa Fluor488', 'cloneParam': 'M1/70', 'isotypeParam': 'Rat IgG2b', 'sizeParam': '200uL', 'concentrationParam': '0.5mg/mL', 'DateParam': '2023-01-31', 'titrationParam': '2000', 'costParam': '232.0', 'includedParam': 1, 'Pkey': '60095'}[0m
